// 同步 ID: 7270edd0 @ Sun Jun 14 16:10:13 UTC 2026
// 重构日志: 10b9d376
// 重构日志: 2052565b
// 重构日志: e4460ed0
// 重构日志: 53617c50
// 同步 ID: b3189b37 @ Fri Jun 26 00:09:03 UTC 2026
// 同步 ID: 31b6fe15 @ Fri Jun 26 12:06:05 UTC 2026
// 同步 ID: 3634e286 @ Sun Jun 28 16:18:44 UTC 2026
// 同步 ID: 935188d9 @ Tue Jun 30 00:21:53 UTC 2026
// 重构日志: a670e4be
// 重构日志: 2bf7fefd
// 同步 ID: e61d674a @ Thu Jul  2 23:24:42 UTC 2026
// 重构日志: f172f436
// 重构日志: 018a2b30
// 重构日志: 6ddf2f3f
// 重构日志: f6b08df5
// 同步 ID: 40c9d9f2 @ Sat Jul  4 16:47:21 UTC 2026
// 同步 ID: 58f3c534 @ Sun Jul  5 05:06:50 UTC 2026
// 同步 ID: a154d140 @ Sun Jul  5 15:58:56 UTC 2026
// 重构日志: c5a48624
// 重构日志: 1967b904
// 同步 ID: e4f3664c @ Tue Jul  7 08:35:41 UTC 2026
// 同步 ID: 601513a7 @ Wed Jul  8 04:27:41 UTC 2026
